Questionable use of curly braces in "print(f{movemotors:{m},{d[0]},{d[1]}})"
    Error: unknown token in: "movemotors:(m),(d[[]0]),(d[1])"
Questionable use of curly braces in "print(f(movemotors:{m},{d[0]},{d[1]}))"
    Error: undefined symbol in: "[m]"
Questionable use of curly braces in "print(f(movemotors:(m),{d[0]},{d[1]}))"
    Error: unknown token in: "d[[]0]"
Questionable use of curly braces in "print(f(movemotors:(m),(d[0]),{d[1]}))"
    Error: unknown token in: "d[[]1]"
Questionable use of curly braces in "print(f{stop})"
    Error: undefined symbol in: "[stop]"
Questionable use of curly braces in "curr_mov = {frw}"
    Error: undefined symbol in: "[frw]"
Questionable use of curly braces in "self.motor_hw_en = {en_pin}"
    Error: undefined symbol in: "[en_pin]"
Questionable use of curly braces in "self.motor_hw_fw = {fw_pin}"
    Error: undefined symbol in: "[fw_pin]"
Questionable use of curly braces in "self.motor_hw_bw = {bw_pin}"
    Error: undefined symbol in: "[bw_pin]"
Questionable use of curly braces in "self.curr_mov = {frw}"
    Error: undefined symbol in: "[frw]"
Questionable use of curly braces in "curr_mov = {stp}"
    Error: undefined symbol in: "[stp]"
Questionable use of curly braces in "self.curr_mov = {frw}"
    Error: undefined symbol in: "[frw]"
Questionable use of curly braces in "self.curr_mov = {bkw}"
    Error: undefined symbol in: "[bkw]"
Questionable use of curly braces in "self.curr_mov = {stp}"
    Error: undefined symbol in: "[stp]"
Circuit: import PCA9685

Fatal Error: Multiple instances of "Curr_mov"
